diff --git b/src/views/index/RegTest.vue a/src/views/index/RegTest.vue
index c266c1b..d9f639d 100644
--- b/src/views/index/RegTest.vue
+++ a/src/views/index/RegTest.vue
@@ -64,12 +64,14 @@ export default {
   watch: {
     regs: {
       handler(val) {
         // eslint-disable-next-line prefer-const
         const {
           regTest,
           reg
         } = val
         let regToBeMatch = this.reg.replace(/^\//, '').replace(/\/$/, '').replace(/\\/, '\\')
         try {
           regToBeMatch = new RegExp(reg, this.pattern.join(''))
         } catch (err) {
@@ -111,6 +113,7 @@ export default {
     },
     drawBg(reg) {
       if (this.pattern.includes('g')) {
         const res = Array.from(this.regTest.matchAll(reg)).map(item => {
           let { index } = item
           const len = item[0].length
@@ -127,6 +130,7 @@ export default {
         //      const len=str.match()
         //   }
         //  }
       }
     },
     cleanBg() {
